Q1 Report:
- User growth: +12%
- Conversion rate: 3.2% → 2.7% (decline)
- Average session time: 5m 20s → 4m 10s
- Mobile bounce rate increased by 18%

Q2 Report:
- New feature rollout: AI recommendations
- Conversion rate improved to 3.5%
- Backend latency increased by 40ms
- Error rate increased from 0.5% to 1.2%

Q3 Report:
- Infrastructure migration to new cloud provider
- Downtime incidents: 3 major outages
- Customer complaints increased by 25%
- Support tickets doubled

Q4 Report:
- Performance optimizations deployed
- Latency reduced by 30%
- Conversion rate stabilized at 3.6%
- Customer satisfaction improved by 15%
